[04-Oct-2016 19:16:12 UTC] PHP Parse error:  syntax error, unexpected 'in' (T_STRING) in /vagrant_data/site/navigation.php on line 11
[22-Nov-2016 20:20:27 UTC] PHP Warning:  mysqli::__construct(): (HY000/1045): Access denied for user 'wp2016'@'localhost' (using password: YES) in /vagrant_data/site/db/database.php on line 26
[22-Nov-2016 20:20:27 UTC] PHP Fatal error:  Uncaught Error: Call to a member function query() on boolean in /vagrant_data/site/db/database.php:210
Stack trace:
#0 /vagrant_data/site/db/database.php(142): Database->tableExists('users')
#1 /vagrant_data/site/db/init_db.php(107): Database->create_table('users', Array, false)
#2 /vagrant_data/site/index.php(11): require_once('/vagrant_data/s...')
#3 {main}
  thrown in /vagrant_data/site/db/database.php on line 210
[22-Nov-2016 20:20:27 UTC] PHP Warning:  mysqli::__construct(): (HY000/1045): Access denied for user 'wp2016'@'localhost' (using password: YES) in /vagrant_data/site/db/database.php on line 26
[22-Nov-2016 20:20:27 UTC] PHP Fatal error:  Uncaught Error: Call to a member function query() on boolean in /vagrant_data/site/db/database.php:210
Stack trace:
#0 /vagrant_data/site/db/database.php(142): Database->tableExists('users')
#1 /vagrant_data/site/db/init_db.php(107): Database->create_table('users', Array, false)
#2 /vagrant_data/site/index.php(11): require_once('/vagrant_data/s...')
#3 {main}
  thrown in /vagrant_data/site/db/database.php on line 210
[22-Nov-2016 20:20:27 UTC] PHP Warning:  mysqli::__construct(): (HY000/1045): Access denied for user 'wp2016'@'localhost' (using password: YES) in /vagrant_data/site/db/database.php on line 26
[22-Nov-2016 20:20:27 UTC] PHP Fatal error:  Uncaught Error: Call to a member function query() on boolean in /vagrant_data/site/db/database.php:210
Stack trace:
#0 /vagrant_data/site/db/database.php(142): Database->tableExists('users')
#1 /vagrant_data/site/db/init_db.php(107): Database->create_table('users', Array, false)
#2 /vagrant_data/site/index.php(11): require_once('/vagrant_data/s...')
#3 {main}
  thrown in /vagrant_data/site/db/database.php on line 210
[22-Nov-2016 20:29:04 UTC] PHP Fatal error:  Uncaught Error: Call to a member function getValue() on null in /vagrant_data/site/templates/default/navigation.php:14
Stack trace:
#0 /vagrant_data/site/templates/home.php(2): require_once()
#1 /vagrant_data/site/includes/functions.php(25): include('/vagrant_data/s...')
#2 /vagrant_data/site/pages/home.php(5): load_template('templates/home....', Array)
#3 /vagrant_data/site/index.php(31): require_once('/vagrant_data/s...')
#4 {main}
  thrown in /vagrant_data/site/templates/default/navigation.php on line 14
[22-Nov-2016 20:29:20 UTC] PHP Fatal error:  Uncaught Error: Call to a member function getValue() on null in /vagrant_data/site/templates/default/navigation.php:14
Stack trace:
#0 /vagrant_data/site/templates/home.php(2): require_once()
#1 /vagrant_data/site/includes/functions.php(25): include('/vagrant_data/s...')
#2 /vagrant_data/site/pages/home.php(5): load_template('templates/home....', Array)
#3 /vagrant_data/site/index.php(31): require_once('/vagrant_data/s...')
#4 {main}
  thrown in /vagrant_data/site/templates/default/navigation.php on line 14
[22-Nov-2016 20:30:55 UTC] PHP Notice:  Undefined index: page in /vagrant_data/site/index.php on line 29
[22-Nov-2016 20:47:11 UTC] PHP Notice:  Undefined index: page in /vagrant_data/site/index.php on line 29
[22-Nov-2016 20:47:34 UTC] PHP Notice:  Undefined index: page in /vagrant_data/site/index.php on line 29
[22-Nov-2016 20:50:10 UTC] PHP Notice:  Undefined index: page in /vagrant_data/site/index.php on line 29
[22-Nov-2016 20:50:21 UTC] PHP Notice:  Undefined index: page in /vagrant_data/site/index.php on line 29
[07-Jan-2017 22:13:40 UTC] PHP Warning:  PHP Startup: Unable to load dynamic library '/usr/lib/php/20151012/php_curl.dll' - /usr/lib/php/20151012/php_curl.dll: cannot open shared object file: No such file or directory in Unknown on line 0
[07-Jan-2017 22:15:30 UTC] PHP Warning:  PHP Startup: Unable to load dynamic library '/usr/lib/php/20151012/php_curl.dll' - /usr/lib/php/20151012/php_curl.dll: cannot open shared object file: No such file or directory in Unknown on line 0
[07-Jan-2017 22:27:15 UTC] PHP Warning:  PHP Startup: Unable to load dynamic library '/usr/lib/php/20151012/curl.so' - /usr/lib/php/20151012/curl.so: cannot open shared object file: No such file or directory in Unknown on line 0
[07-Jan-2017 22:29:39 UTC] PHP Warning:  Module 'curl' already loaded in Unknown on line 0
[07-Jan-2017 22:39:01 UTC] PHP Warning:  Module 'curl' already loaded in Unknown on line 0
[07-Jan-2017 23:09:01 UTC] PHP Warning:  Module 'curl' already loaded in Unknown on line 0
[07-Jan-2017 23:39:01 UTC] PHP Warning:  Module 'curl' already loaded in Unknown on line 0
[08-Jan-2017 00:09:01 UTC] PHP Warning:  Module 'curl' already loaded in Unknown on line 0
[08-Jan-2017 00:39:02 UTC] PHP Warning:  Module 'curl' already loaded in Unknown on line 0
[08-Jan-2017 01:09:01 UTC] PHP Warning:  Module 'curl' already loaded in Unknown on line 0
[08-Jan-2017 01:39:01 UTC] PHP Warning:  Module 'curl' already loaded in Unknown on line 0
[08-Jan-2017 02:09:01 UTC] PHP Warning:  Module 'curl' already loaded in Unknown on line 0
[08-Jan-2017 02:39:01 UTC] PHP Warning:  Module 'curl' already loaded in Unknown on line 0
[08-Jan-2017 03:09:01 UTC] PHP Warning:  Module 'curl' already loaded in Unknown on line 0
[08-Jan-2017 03:39:01 UTC] PHP Warning:  Module 'curl' already loaded in Unknown on line 0
[08-Jan-2017 04:09:01 UTC] PHP Warning:  Module 'curl' already loaded in Unknown on line 0
[08-Jan-2017 04:39:01 UTC] PHP Warning:  Module 'curl' already loaded in Unknown on line 0
[08-Jan-2017 05:09:01 UTC] PHP Warning:  Module 'curl' already loaded in Unknown on line 0
[08-Jan-2017 05:39:01 UTC] PHP Warning:  Module 'curl' already loaded in Unknown on line 0
[08-Jan-2017 06:09:01 UTC] PHP Warning:  Module 'curl' already loaded in Unknown on line 0
[08-Jan-2017 06:39:01 UTC] PHP Warning:  Module 'curl' already loaded in Unknown on line 0
[08-Jan-2017 07:09:01 UTC] PHP Warning:  Module 'curl' already loaded in Unknown on line 0
[08-Jan-2017 07:39:01 UTC] PHP Warning:  Module 'curl' already loaded in Unknown on line 0
[08-Jan-2017 07:43:45 UTC] PHP Warning:  Module 'curl' already loaded in Unknown on line 0
[08-Jan-2017 08:09:02 UTC] PHP Warning:  Module 'curl' already loaded in Unknown on line 0
[08-Jan-2017 08:39:01 UTC] PHP Warning:  Module 'curl' already loaded in Unknown on line 0
[08-Jan-2017 09:09:01 UTC] PHP Warning:  Module 'curl' already loaded in Unknown on line 0
[08-Jan-2017 09:39:01 UTC] PHP Warning:  Module 'curl' already loaded in Unknown on line 0
[08-Jan-2017 10:09:01 UTC] PHP Warning:  Module 'curl' already loaded in Unknown on line 0
[08-Jan-2017 10:39:01 UTC] PHP Warning:  Module 'curl' already loaded in Unknown on line 0
[08-Jan-2017 11:09:01 UTC] PHP Warning:  Module 'curl' already loaded in Unknown on line 0
[08-Jan-2017 11:39:01 UTC] PHP Warning:  Module 'curl' already loaded in Unknown on line 0
[08-Jan-2017 12:09:02 UTC] PHP Warning:  Module 'curl' already loaded in Unknown on line 0
[08-Jan-2017 12:39:01 UTC] PHP Warning:  Module 'curl' already loaded in Unknown on line 0
[08-Jan-2017 13:09:01 UTC] PHP Warning:  Module 'curl' already loaded in Unknown on line 0
[08-Jan-2017 13:39:01 UTC] PHP Warning:  Module 'curl' already loaded in Unknown on line 0
[08-Jan-2017 14:09:01 UTC] PHP Warning:  Module 'curl' already loaded in Unknown on line 0
[08-Jan-2017 14:39:01 UTC] PHP Warning:  Module 'curl' already loaded in Unknown on line 0
[08-Jan-2017 15:09:01 UTC] PHP Warning:  Module 'curl' already loaded in Unknown on line 0
[08-Jan-2017 15:39:01 UTC] PHP Warning:  Module 'curl' already loaded in Unknown on line 0
[08-Jan-2017 16:09:01 UTC] PHP Warning:  Module 'curl' already loaded in Unknown on line 0
[08-Jan-2017 16:39:01 UTC] PHP Warning:  Module 'curl' already loaded in Unknown on line 0
[08-Jan-2017 17:09:01 UTC] PHP Warning:  Module 'curl' already loaded in Unknown on line 0
[08-Jan-2017 17:39:01 UTC] PHP Warning:  Module 'curl' already loaded in Unknown on line 0
[08-Jan-2017 18:09:01 UTC] PHP Warning:  Module 'curl' already loaded in Unknown on line 0
[08-Jan-2017 18:39:01 UTC] PHP Warning:  Module 'curl' already loaded in Unknown on line 0
[08-Jan-2017 19:09:01 UTC] PHP Warning:  Module 'curl' already loaded in Unknown on line 0
[08-Jan-2017 19:39:01 UTC] PHP Warning:  Module 'curl' already loaded in Unknown on line 0
[08-Jan-2017 20:09:01 UTC] PHP Warning:  Module 'curl' already loaded in Unknown on line 0
[08-Jan-2017 20:39:01 UTC] PHP Warning:  Module 'curl' already loaded in Unknown on line 0
[08-Jan-2017 21:09:01 UTC] PHP Warning:  Module 'curl' already loaded in Unknown on line 0
[08-Jan-2017 21:39:01 UTC] PHP Warning:  Module 'curl' already loaded in Unknown on line 0
[08-Jan-2017 22:09:01 UTC] PHP Warning:  Module 'curl' already loaded in Unknown on line 0
[08-Jan-2017 22:39:01 UTC] PHP Warning:  Module 'curl' already loaded in Unknown on line 0
[08-Jan-2017 23:09:01 UTC] PHP Warning:  Module 'curl' already loaded in Unknown on line 0
[08-Jan-2017 23:39:01 UTC] PHP Warning:  Module 'curl' already loaded in Unknown on line 0
[09-Jan-2017 00:09:01 UTC] PHP Warning:  Module 'curl' already loaded in Unknown on line 0
[09-Jan-2017 00:39:01 UTC] PHP Warning:  Module 'curl' already loaded in Unknown on line 0
[09-Jan-2017 01:09:01 UTC] PHP Warning:  Module 'curl' already loaded in Unknown on line 0
[09-Jan-2017 01:39:01 UTC] PHP Warning:  Module 'curl' already loaded in Unknown on line 0
[09-Jan-2017 02:09:01 UTC] PHP Warning:  Module 'curl' already loaded in Unknown on line 0
[09-Jan-2017 02:39:01 UTC] PHP Warning:  Module 'curl' already loaded in Unknown on line 0
[09-Jan-2017 03:09:01 UTC] PHP Warning:  Module 'curl' already loaded in Unknown on line 0
[09-Jan-2017 03:39:02 UTC] PHP Warning:  Module 'curl' already loaded in Unknown on line 0
[09-Jan-2017 04:09:01 UTC] PHP Warning:  Module 'curl' already loaded in Unknown on line 0
[09-Jan-2017 04:39:01 UTC] PHP Warning:  Module 'curl' already loaded in Unknown on line 0
[09-Jan-2017 05:09:01 UTC] PHP Warning:  Module 'curl' already loaded in Unknown on line 0
[09-Jan-2017 05:39:01 UTC] PHP Warning:  Module 'curl' already loaded in Unknown on line 0
[09-Jan-2017 06:09:01 UTC] PHP Warning:  Module 'curl' already loaded in Unknown on line 0
[09-Jan-2017 06:39:01 UTC] PHP Warning:  Module 'curl' already loaded in Unknown on line 0
[09-Jan-2017 07:09:01 UTC] PHP Warning:  Module 'curl' already loaded in Unknown on line 0
[09-Jan-2017 07:39:01 UTC] PHP Warning:  Module 'curl' already loaded in Unknown on line 0
[09-Jan-2017 08:09:01 UTC] PHP Warning:  Module 'curl' already loaded in Unknown on line 0
[09-Jan-2017 08:39:01 UTC] PHP Warning:  Module 'curl' already loaded in Unknown on line 0
[09-Jan-2017 09:09:01 UTC] PHP Warning:  Module 'curl' already loaded in Unknown on line 0
[09-Jan-2017 09:39:01 UTC] PHP Warning:  Module 'curl' already loaded in Unknown on line 0
[09-Jan-2017 11:09:01 UTC] PHP Warning:  Module 'curl' already loaded in Unknown on line 0
[09-Jan-2017 11:39:01 UTC] PHP Warning:  Module 'curl' already loaded in Unknown on line 0
[09-Jan-2017 17:09:01 UTC] PHP Warning:  Module 'curl' already loaded in Unknown on line 0
[09-Jan-2017 17:39:01 UTC] PHP Warning:  Module 'curl' already loaded in Unknown on line 0
[09-Jan-2017 18:09:01 UTC] PHP Warning:  Module 'curl' already loaded in Unknown on line 0
